<?xml version="1.0" encoding="utf-8"?><testsuites name="pytest tests"><testsuite name="pytest" errors="0" failures="0" skipped="0" tests="108" time="39.311" timestamp="2026-07-04T05:20:38.096285+00:00" hostname="agent-env-91403eea-bf05-43df-a088-129e63b09d18"><testcase classname="backend.tests.test_huni_api.TestRebrand" name="test_root_returns_huni" time="0.348" /><testcase classname="backend.tests.test_huni_api.TestRebrand" name="test_seed_creates_huni_emails" time="0.412" /><testcase classname="backend.tests.test_huni_api.TestAuth" name="test_register_and_login" time="0.595" /><testcase classname="backend.tests.test_huni_api.TestAuth" name="test_login_wrong_pw" time="0.305" /><testcase classname="backend.tests.test_huni_api.TestAuth" name="test_me_requires_token" time="0.086" /><testcase classname="backend.tests.test_huni_api.TestPostsFeed" name="test_latest" time="0.362" /><testcase classname="backend.tests.test_huni_api.TestPostsFeed" name="test_trending" time="0.475" /><testcase classname="backend.tests.test_huni_api.TestPostsFeed" name="test_nearby" time="0.382" /><testcase classname="backend.tests.test_huni_api.TestPostsFeed" name="test_pulse" time="0.362" /><testcase classname="backend.tests.test_huni_api.TestPostCRUD" name="test_create_and_get" time="0.459" /><testcase classname="backend.tests.test_huni_api.TestPostCRUD" name="test_reaction_toggle" time="1.046" /><testcase classname="backend.tests.test_huni_api.TestPostCRUD" name="test_pulse_vote" time="0.457" /><testcase classname="backend.tests.test_huni_api.TestCommentedPosts" name="test_commented_posts_dedup_and_hydration" time="0.661" /><testcase classname="backend.tests.test_huni_api.TestCommentedPosts" name="test_commented_posts_excludes_deleted" time="0.952" /><testcase classname="backend.tests.test_huni_api.TestNotifications" name="test_unread_and_read_all" time="1.323" /><testcase classname="backend.tests.test_huni_api.TestChat" name="test_chat_flow" time="0.889" /><testcase classname="backend.tests.test_huni_api.TestBlockReport" name="test_block_then_unblock" time="0.854" /><testcase classname="backend.tests.test_huni_api.TestBlockReport" name="test_report" time="0.679" /><testcase classname="backend.tests.test_huni_api.TestWebsocket" name="test_ws_with_valid_token" time="0.421" /><testcase classname="backend.tests.test_huni_api.TestWebsocket" name="test_ws_bad_token_rejected" time="0.099" /><testcase classname="backend.tests.test_iteration4.TestPostTitle" name="test_missing_title_422" time="0.473" /><testcase classname="backend.tests.test_iteration4.TestPostTitle" name="test_empty_title_422" time="0.350" /><testcase classname="backend.tests.test_iteration4.TestPostTitle" name="test_title_too_long_422" time="0.354" /><testcase classname="backend.tests.test_iteration4.TestPostTitle" name="test_title_max_101_boundary_101_rejected_100_accepted" time="0.360" /><testcase classname="backend.tests.test_iteration4.TestPostTitle" name="test_response_includes_title" time="0.457" /><testcase classname="backend.tests.test_iteration4.TestPostTitle" name="test_seed_posts_have_titles" time="0.390" /><testcase classname="backend.tests.test_iteration4.TestCommentReactions" name="test_fresh_comments_have_zero_reaction_fields" time="0.548" /><testcase classname="backend.tests.test_iteration4.TestCommentReactions" name="test_toggle_up_off" time="0.883" /><testcase classname="backend.tests.test_iteration4.TestCommentReactions" name="test_switch_up_to_down" time="0.970" /><testcase classname="backend.tests.test_iteration4.TestCommentReactions" name="test_helpful_score_bump_and_undo" time="1.127" /><testcase classname="backend.tests.test_iteration4.TestCommentReactions" name="test_helpful_score_switch_up_to_down" time="1.075" /><testcase classname="backend.tests.test_iteration4.TestCommentReactions" name="test_author_cannot_bump_own_helpful" time="0.687" /><testcase classname="backend.tests.test_iteration4.TestCommentReactions" name="test_my_reaction_perspective" time="1.251" /><testcase classname="backend.tests.test_iteration4.TestCommentReactions" name="test_invalid_kind_422" time="0.627" /><testcase classname="backend.tests.test_iteration5_google_auth.TestRegisterNewFields" name="test_valid_signup_returns_new_fields" time="0.487" /><testcase classname="backend.tests.test_iteration5_google_auth.TestRegisterNewFields" name="test_missing_first_name_422" time="0.100" /><testcase classname="backend.tests.test_iteration5_google_auth.TestRegisterNewFields" name="test_missing_last_name_422" time="0.069" /><testcase classname="backend.tests.test_iteration5_google_auth.TestRegisterNewFields" name="test_missing_birthdate_422" time="0.053" /><testcase classname="backend.tests.test_iteration5_google_auth.TestRegisterNewFields" name="test_bad_birthdate_slash_format_422" time="0.077" /><testcase classname="backend.tests.test_iteration5_google_auth.TestRegisterNewFields" name="test_bad_birthdate_impossible_date_422" time="0.087" /><testcase classname="backend.tests.test_iteration5_google_auth.TestSeedUsersCarryNewFields" name="test_demo_user_has_names_and_birthdate" time="0.296" /><testcase classname="backend.tests.test_iteration5_google_auth.TestGoogleSessionEndpointBogus" name="test_bogus_session_id_returns_401" time="0.399" /><testcase classname="backend.tests.test_iteration5_google_auth.TestGoogleSessionEndpointBogus" name="test_missing_session_id_422" time="0.065" /><testcase classname="backend.tests.test_iteration5_google_auth.TestBearerDuality" name="test_jwt_and_session_token_both_accepted_on_me" time="0.424" /><testcase classname="backend.tests.test_iteration5_google_auth.TestBearerDuality" name="test_expired_session_token_rejected" time="0.347" /><testcase classname="backend.tests.test_iteration5_google_auth.TestBearerDuality" name="test_invalid_bearer_rejected" time="0.058" /><testcase classname="backend.tests.test_iteration5_google_auth.TestLogout" name="test_logout_deletes_session_token" time="0.479" /><testcase classname="backend.tests.test_iteration5_google_auth.TestLogout" name="test_logout_with_jwt_is_noop" time="0.448" /><testcase classname="backend.tests.test_iteration6_v1.TestDevSeedGate" name="test_seed_enabled_returns_users_posts_created" time="0.078" /><testcase classname="backend.tests.test_iteration6_v1.TestDevSeedGate" name="test_seed_disabled_returns_404_via_mocked_env" time="0.259" /><testcase classname="backend.tests.test_iteration6_v1.TestCommentReplies" name="test_top_level_comment_has_null_parent_fields" time="0.959" /><testcase classname="backend.tests.test_iteration6_v1.TestCommentReplies" name="test_reply_creates_comment_with_parent_and_alias" time="0.202" /><testcase classname="backend.tests.test_iteration6_v1.TestCommentReplies" name="test_list_comments_returns_parent_and_reply_to_alias" time="0.216" /><testcase classname="backend.tests.test_iteration6_v1.TestCommentReplies" name="test_nonexistent_parent_returns_404" time="0.076" /><testcase classname="backend.tests.test_iteration6_v1.TestCommentReplies" name="test_parent_from_different_post_returns_404" time="0.206" /><testcase classname="backend.tests.test_iteration6_v1.TestCommentReplies" name="test_deleted_parent_returns_404" time="0.233" /><testcase classname="backend.tests.test_iteration6_v1.TestReplyNotifications" name="test_reply_creates_reply_notification_and_no_self_notif" time="1.434" /><testcase classname="backend.tests.test_iteration6_v1.TestReplyNotifications" name="test_reply_does_not_create_comment_notification_for_post_author" time="1.189" /><testcase classname="backend.tests.test_iteration7_images.TestUploads" name="test_upload_requires_auth" time="0.070" /><testcase classname="backend.tests.test_iteration7_images.TestUploads" name="test_upload_valid_returns_id" time="0.381" /><testcase classname="backend.tests.test_iteration7_images.TestUploads" name="test_upload_data_uri_prefix_stripped" time="0.077" /><testcase classname="backend.tests.test_iteration7_images.TestUploads" name="test_upload_too_large_returns_413" time="0.469" /><testcase classname="backend.tests.test_iteration7_images.TestUploads" name="test_upload_invalid_base64_returns_400" time="0.076" /><testcase classname="backend.tests.test_iteration7_images.TestUploads" name="test_upload_missing_data_field_422" time="0.087" /><testcase classname="backend.tests.test_iteration7_images.TestUploads" name="test_upload_bad_content_type_422" time="0.068" /><testcase classname="backend.tests.test_iteration7_images.TestImageServe" name="test_serve_image_no_auth" time="0.127" /><testcase classname="backend.tests.test_iteration7_images.TestImageServe" name="test_serve_image_404_for_missing" time="0.067" /><testcase classname="backend.tests.test_iteration7_images.TestPostsWithImages" name="test_create_post_with_images" time="0.390" /><testcase classname="backend.tests.test_iteration7_images.TestPostsWithImages" name="test_create_post_truncates_to_4_images" time="0.486" /><testcase classname="backend.tests.test_iteration7_images.TestPostsWithImages" name="test_feed_includes_images_array" time="0.080" /><testcase classname="backend.tests.test_iteration7_images.TestCommentsWithImages" name="test_comment_with_text_and_images" time="0.296" /><testcase classname="backend.tests.test_iteration7_images.TestCommentsWithImages" name="test_image_only_comment_allowed" time="0.158" /><testcase classname="backend.tests.test_iteration7_images.TestCommentsWithImages" name="test_empty_comment_rejected_422" time="0.218" /><testcase classname="backend.tests.test_iteration7_images.TestCommentsWithImages" name="test_comment_truncates_to_4_images" time="0.410" /><testcase classname="backend.tests.test_iteration7_images.TestCommentsWithImages" name="test_list_comments_returns_images" time="0.090" /><testcase classname="backend.tests.test_iteration7_images.TestRegression" name="test_reactions_still_return_parent_comment_id" time="0.516" /><testcase classname="backend.tests.test_iteration7_images.TestRegression" name="test_threaded_reply_with_images_unaffected" time="0.242" /><testcase classname="backend.tests.test_iteration8_ads.TestRoles" name="test_admin_promoted_via_env" time="0.343" /><testcase classname="backend.tests.test_iteration8_ads.TestRoles" name="test_advertiser_role" time="0.358" /><testcase classname="backend.tests.test_iteration8_ads.TestRoles" name="test_regular_user_role" time="0.345" /><testcase classname="backend.tests.test_iteration8_ads.TestAdmin" name="test_admin_settings_get" time="0.068" /><testcase classname="backend.tests.test_iteration8_ads.TestAdmin" name="test_admin_settings_patch_bounds" time="0.281" /><testcase classname="backend.tests.test_iteration8_ads.TestAdmin" name="test_admin_settings_forbidden_for_regular" time="0.139" /><testcase classname="backend.tests.test_iteration8_ads.TestAdmin" name="test_admin_settings_forbidden_for_advertiser" time="0.068" /><testcase classname="backend.tests.test_iteration8_ads.TestAdmin" name="test_admin_users_search" time="0.064" /><testcase classname="backend.tests.test_iteration8_ads.TestAdmin" name="test_admin_users_forbidden" time="0.153" /><testcase classname="backend.tests.test_iteration8_ads.TestAdmin" name="test_admin_cannot_change_admin_role" time="0.138" /><testcase classname="backend.tests.test_iteration8_ads.TestAdmin" name="test_admin_role_toggle_user_to_advertiser_and_back" time="0.323" /><testcase classname="backend.tests.test_iteration8_ads.TestAdmin" name="test_admin_ads_list_has_stats_and_advertiser" time="0.128" /><testcase classname="backend.tests.test_iteration8_ads.TestAdsCRUD" name="test_create_ad_forbidden_for_regular" time="0.075" /><testcase classname="backend.tests.test_iteration8_ads.TestAdsCRUD" name="test_create_ad_advertiser" time="0.077" /><testcase classname="backend.tests.test_iteration8_ads.TestAdsCRUD" name="test_get_ad" time="0.071" /><testcase classname="backend.tests.test_iteration8_ads.TestAdsCRUD" name="test_ads_mine_contains_new" time="0.076" /><testcase classname="backend.tests.test_iteration8_ads.TestAdsCRUD" name="test_ads_mine_forbidden_for_regular" time="0.063" /><testcase classname="backend.tests.test_iteration8_ads.TestAdsCRUD" name="test_patch_ad_owner" time="0.085" /><testcase classname="backend.tests.test_iteration8_ads.TestAdsCRUD" name="test_patch_ad_forbidden_for_other_user" time="0.066" /><testcase classname="backend.tests.test_iteration8_ads.TestAdsCRUD" name="test_admin_can_patch_others_ad" time="0.068" /><testcase classname="backend.tests.test_iteration8_ads.TestAdTracking" name="test_impression_tracked" time="0.434" /><testcase classname="backend.tests.test_iteration8_ads.TestAdTracking" name="test_click_returns_link_and_tracks" time="0.139" /><testcase classname="backend.tests.test_iteration8_ads.TestAdTracking" name="test_analytics_forbidden_for_non_owner" time="0.067" /><testcase classname="backend.tests.test_iteration8_ads.TestAdTracking" name="test_admin_can_access_analytics" time="0.074" /><testcase classname="backend.tests.test_iteration8_ads.TestFeedInjection" name="test_ads_injected_every_n" time="0.247" /><testcase classname="backend.tests.test_iteration8_ads.TestFeedInjection" name="test_pulse_has_no_ads" time="0.075" /><testcase classname="backend.tests.test_iteration8_ads.TestFeedInjection" name="test_disabled_ad_not_injected" time="0.766" /><testcase classname="backend.tests.test_iteration8_ads.TestAdComments" name="test_user_can_comment_on_ad" time="0.349" /><testcase classname="backend.tests.test_iteration8_ads.TestAdComments" name="test_ad_owner_can_delete_other_users_comment" time="0.157" /><testcase classname="backend.tests.test_iteration8_ads.TestAdComments" name="test_disabled_comments_return_403" time="0.243" /><testcase classname="backend.tests.test_iteration8_ads.TestAdDelete" name="test_delete_ad_is_soft_and_hides_from_get" time="0.300" /></testsuite></testsuites>