<?xml version="1.0" encoding="utf-8"?><testsuites name="pytest tests"><testsuite name="pytest" errors="0" failures="0" skipped="0" tests="34" time="22.729" timestamp="2026-07-02T03:56:06.718090+00:00" hostname="agent-env-91403eea-bf05-43df-a088-129e63b09d18"><testcase classname="backend.tests.test_huni_api.TestRebrand" name="test_root_returns_huni" time="0.392" /><testcase classname="backend.tests.test_huni_api.TestRebrand" name="test_seed_creates_huni_emails" time="0.425" /><testcase classname="backend.tests.test_huni_api.TestAuth" name="test_register_and_login" time="0.607" /><testcase classname="backend.tests.test_huni_api.TestAuth" name="test_login_wrong_pw" time="0.343" /><testcase classname="backend.tests.test_huni_api.TestAuth" name="test_me_requires_token" time="0.081" /><testcase classname="backend.tests.test_huni_api.TestPostsFeed" name="test_latest" time="0.398" /><testcase classname="backend.tests.test_huni_api.TestPostsFeed" name="test_trending" time="0.387" /><testcase classname="backend.tests.test_huni_api.TestPostsFeed" name="test_nearby" time="0.424" /><testcase classname="backend.tests.test_huni_api.TestPostsFeed" name="test_pulse" time="0.375" /><testcase classname="backend.tests.test_huni_api.TestPostCRUD" name="test_create_and_get" time="0.427" /><testcase classname="backend.tests.test_huni_api.TestPostCRUD" name="test_reaction_toggle" time="0.823" /><testcase classname="backend.tests.test_huni_api.TestPostCRUD" name="test_pulse_vote" time="0.467" /><testcase classname="backend.tests.test_huni_api.TestCommentedPosts" name="test_commented_posts_dedup_and_hydration" time="0.678" /><testcase classname="backend.tests.test_huni_api.TestCommentedPosts" name="test_commented_posts_excludes_deleted" time="0.978" /><testcase classname="backend.tests.test_huni_api.TestNotifications" name="test_unread_and_read_all" time="1.273" /><testcase classname="backend.tests.test_huni_api.TestChat" name="test_chat_flow" time="0.885" /><testcase classname="backend.tests.test_huni_api.TestBlockReport" name="test_block_then_unblock" time="0.839" /><testcase classname="backend.tests.test_huni_api.TestBlockReport" name="test_report" time="0.665" /><testcase classname="backend.tests.test_huni_api.TestWebsocket" name="test_ws_with_valid_token" time="0.415" /><testcase classname="backend.tests.test_huni_api.TestWebsocket" name="test_ws_bad_token_rejected" time="0.101" /><testcase classname="backend.tests.test_iteration4.TestPostTitle" name="test_missing_title_422" time="0.515" /><testcase classname="backend.tests.test_iteration4.TestPostTitle" name="test_empty_title_422" time="0.375" /><testcase classname="backend.tests.test_iteration4.TestPostTitle" name="test_title_too_long_422" time="0.371" /><testcase classname="backend.tests.test_iteration4.TestPostTitle" name="test_title_max_101_boundary_101_rejected_100_accepted" time="0.363" /><testcase classname="backend.tests.test_iteration4.TestPostTitle" name="test_response_includes_title" time="0.447" /><testcase classname="backend.tests.test_iteration4.TestPostTitle" name="test_seed_posts_have_titles" time="0.365" /><testcase classname="backend.tests.test_iteration4.TestCommentReactions" name="test_fresh_comments_have_zero_reaction_fields" time="0.511" /><testcase classname="backend.tests.test_iteration4.TestCommentReactions" name="test_toggle_up_off" time="0.895" /><testcase classname="backend.tests.test_iteration4.TestCommentReactions" name="test_switch_up_to_down" time="0.894" /><testcase classname="backend.tests.test_iteration4.TestCommentReactions" name="test_helpful_score_bump_and_undo" time="1.135" /><testcase classname="backend.tests.test_iteration4.TestCommentReactions" name="test_helpful_score_switch_up_to_down" time="1.092" /><testcase classname="backend.tests.test_iteration4.TestCommentReactions" name="test_author_cannot_bump_own_helpful" time="0.659" /><testcase classname="backend.tests.test_iteration4.TestCommentReactions" name="test_my_reaction_perspective" time="1.242" /><testcase classname="backend.tests.test_iteration4.TestCommentReactions" name="test_invalid_kind_422" time="2.783" /></testsuite></testsuites>